[2026-01-29 16:29:53,681] 1025 httpx - INFO - HTTP Request: GET https://dagshub.com/api/v1/user "HTTP/1.1 200 OK"
[2026-01-29 16:29:53,693] 107 dagshub - INFO - Accessing as Karamjodh
[2026-01-29 16:29:54,687] 1025 httpx - INFO - HTTP Request: GET https://dagshub.com/api/v1/repos/Karamjodh/Network-Security "HTTP/1.1 200 OK"
[2026-01-29 16:29:55,665] 1025 httpx - INFO - HTTP Request: GET https://dagshub.com/api/v1/user "HTTP/1.1 200 OK"
[2026-01-29 16:29:55,668] 107 dagshub - INFO - Initialized MLflow to track repo "Karamjodh/Network-Security"
[2026-01-29 16:29:55,669] 107 dagshub - INFO - Repository Karamjodh/Network-Security initialized!
[2026-01-29 16:30:23,045] 19 root - INFO - Start Data Ingestion
[2026-01-29 16:30:26,874] 73 root - INFO - Performed train test split on the Dataframe
[2026-01-29 16:30:26,874] 74 root - INFO - Exited split_data_as_train_test method of Data_Ingestion Class
[2026-01-29 16:30:26,875] 77 root - INFO - Exporting train and test file path
[2026-01-29 16:30:27,014] 80 root - INFO - Exported train and test file path
[2026-01-29 16:30:27,015] 22 root - INFO - Data Ingestion Completed and artifact : DataIngestionArtifact(trained_file_path='Artifacts\\29_01_26_16_29_50\\data_ingestion\\ingested\\train.csv', test_file_path='Artifacts\\29_01_26_16_29_50\\data_ingestion\\ingested\\test.csv')
[2026-01-29 16:30:27,036] 32 root - INFO - Initiate the data Validation
[2026-01-29 16:30:27,158] 34 root - INFO - Required number of columns : 2
[2026-01-29 16:30:27,158] 35 root - INFO - DataFrame has columns : 31
[2026-01-29 16:30:27,158] 34 root - INFO - Required number of columns : 2
[2026-01-29 16:30:27,158] 35 root - INFO - DataFrame has columns : 31
[2026-01-29 16:30:27,382] 43 root - INFO - Entered initiate_data_transformation mehtod of dataTransformation class
[2026-01-29 16:30:27,382] 45 root - INFO - Starting data tranformation
[2026-01-29 16:30:27,407] 33 root - INFO - Entered get_data_transformer_object in DataTransformation class
[2026-01-29 16:30:27,407] 36 root - INFO - Initalize KNNImputer with {'missing_values': nan, 'n_neighbors': 3, 'weights': 'uniform'}
[2026-01-29 16:30:27,421] 43 root - INFO - Entered the Save Object method of Main Utils Class
[2026-01-29 16:30:27,424] 47 root - INFO - Exited the save_bject method of main Utils class
[2026-01-29 16:30:27,424] 43 root - INFO - Entered the Save Object method of Main Utils Class
[2026-01-29 16:30:27,428] 47 root - INFO - Exited the save_bject method of main Utils class
[2026-01-29 16:31:27,782] 43 root - INFO - Entered the Save Object method of Main Utils Class
[2026-01-29 16:31:27,805] 47 root - INFO - Exited the save_bject method of main Utils class
[2026-01-29 16:31:27,805] 43 root - INFO - Entered the Save Object method of Main Utils Class
[2026-01-29 16:31:27,825] 47 root - INFO - Exited the save_bject method of main Utils class
[2026-01-29 16:31:27,825] 83 root - INFO - Model trainer artifact : ModelTrainerArtifact(trained_model_file_path='Artifacts\\29_01_26_16_29_50\\model_trainer\\trained_model\\model.pkl', train_metric_artifact=ClassificationMetricArtifact(f1_score=0.990650406504065, precision_score=0.9868394411824256, recall_score=0.9944909202203632), test_metric_artifact=ClassificationMetricArtifact(f1_score=0.9790431000395413, precision_score=0.9725058915946583, recall_score=0.9856687898089171))
