[2026-02-05 12:38:16,303] 1025 httpx - INFO - HTTP Request: GET https://dagshub.com/api/v1/user "HTTP/1.1 200 OK"
[2026-02-05 12:38:16,308] 107 dagshub - INFO - Accessing as Karamjodh
[2026-02-05 12:38:17,383] 1025 httpx - INFO - HTTP Request: GET https://dagshub.com/api/v1/repos/Karamjodh/Network-Security "HTTP/1.1 200 OK"
[2026-02-05 12:38:18,394] 1025 httpx - INFO - HTTP Request: GET https://dagshub.com/api/v1/user "HTTP/1.1 200 OK"
[2026-02-05 12:38:18,396] 107 dagshub - INFO - Initialized MLflow to track repo "Karamjodh/Network-Security"
[2026-02-05 12:38:18,397] 107 dagshub - INFO - Repository Karamjodh/Network-Security initialized!
[2026-02-05 12:38:18,397] 16 root - INFO - Initiating Data Ingestion
[2026-02-05 12:38:59,699] 73 root - INFO - Performed train test split on the Dataframe
[2026-02-05 12:38:59,699] 74 root - INFO - Exited split_data_as_train_test method of Data_Ingestion Class
[2026-02-05 12:38:59,700] 77 root - INFO - Exporting train and test file path
[2026-02-05 12:38:59,736] 80 root - INFO - Exported train and test file path
[2026-02-05 12:38:59,736] 18 root - INFO - Data Ingestion Completed
[2026-02-05 12:38:59,751] 22 root - INFO - Initiating Data Validation
[2026-02-05 12:38:59,790] 34 root - INFO - Required number of columns : 2
[2026-02-05 12:38:59,790] 35 root - INFO - DataFrame has columns : 31
[2026-02-05 12:38:59,790] 34 root - INFO - Required number of columns : 2
[2026-02-05 12:38:59,790] 35 root - INFO - DataFrame has columns : 31
[2026-02-05 12:38:59,901] 24 root - INFO - Data Validation Completed
[2026-02-05 12:38:59,902] 27 root - INFO - data transformation started
[2026-02-05 12:38:59,902] 43 root - INFO - Entered initiate_data_transformation mehtod of dataTransformation class
[2026-02-05 12:38:59,902] 45 root - INFO - Starting data tranformation
[2026-02-05 12:38:59,916] 33 root - INFO - Entered get_data_transformer_object in DataTransformation class
[2026-02-05 12:38:59,916] 36 root - INFO - Initalize KNNImputer with {'missing_values': nan, 'n_neighbors': 3, 'weights': 'uniform'}
[2026-02-05 12:38:59,925] 43 root - INFO - Entered the Save Object method of Main Utils Class
[2026-02-05 12:38:59,927] 47 root - INFO - Exited the save_bject method of main Utils class
[2026-02-05 12:38:59,927] 43 root - INFO - Entered the Save Object method of Main Utils Class
[2026-02-05 12:38:59,928] 47 root - INFO - Exited the save_bject method of main Utils class
[2026-02-05 12:38:59,929] 31 root - INFO - data transformation completed
[2026-02-05 12:38:59,929] 32 root - INFO - Model Training Started
[2026-02-05 12:39:47,353] 43 root - INFO - Entered the Save Object method of Main Utils Class
[2026-02-05 12:39:47,364] 47 root - INFO - Exited the save_bject method of main Utils class
[2026-02-05 12:39:47,364] 43 root - INFO - Entered the Save Object method of Main Utils Class
[2026-02-05 12:39:47,376] 47 root - INFO - Exited the save_bject method of main Utils class
[2026-02-05 12:39:47,376] 83 root - INFO - Model trainer artifact : ModelTrainerArtifact(trained_model_file_path='Artifacts\\05_02_26_12_38_13\\model_trainer\\trained_model\\model.pkl', train_metric_artifact=ClassificationMetricArtifact(f1_score=0.9910435745194727, precision_score=0.9893510146674703, recall_score=0.992741935483871), test_metric_artifact=ClassificationMetricArtifact(f1_score=0.9743589743589743, precision_score=0.9647829647829648, recall_score=0.9841269841269841))
[2026-02-05 12:39:47,377] 36 root - INFO - Model Training artifact Created
