[2026-01-29 14:30:24,509] 1025 httpx - INFO - HTTP Request: GET https://dagshub.com/api/v1/user "HTTP/1.1 200 OK"
[2026-01-29 14:30:24,514] 107 dagshub - INFO - Accessing as Karamjodh
[2026-01-29 14:30:25,511] 1025 httpx - INFO - HTTP Request: GET https://dagshub.com/api/v1/repos/Karamjodh/Network-Security "HTTP/1.1 200 OK"
[2026-01-29 14:30:26,449] 1025 httpx - INFO - HTTP Request: GET https://dagshub.com/api/v1/user "HTTP/1.1 200 OK"
[2026-01-29 14:30:26,451] 107 dagshub - INFO - Initialized MLflow to track repo "Karamjodh/Network-Security"
[2026-01-29 14:30:26,452] 107 dagshub - INFO - Repository Karamjodh/Network-Security initialized!
[2026-01-29 14:30:44,090] 19 root - INFO - Start Data Ingestion
[2026-01-29 14:30:46,961] 73 root - INFO - Performed train test split on the Dataframe
[2026-01-29 14:30:46,961] 74 root - INFO - Exited split_data_as_train_test method of Data_Ingestion Class
[2026-01-29 14:30:46,962] 77 root - INFO - Exporting train and test file path
[2026-01-29 14:30:47,004] 80 root - INFO - Exported train and test file path
[2026-01-29 14:30:47,005] 22 root - INFO - Data Ingestion Completed and artifact : DataIngestionArtifact(trained_file_path='Artifacts\\29_01_26_14_30_22\\data_ingestion\\ingested\\train.csv', test_file_path='Artifacts\\29_01_26_14_30_22\\data_ingestion\\ingested\\test.csv')
[2026-01-29 14:30:47,011] 32 root - INFO - Initiate the data Validation
[2026-01-29 14:30:47,056] 34 root - INFO - Required number of columns : 2
[2026-01-29 14:30:47,056] 35 root - INFO - DataFrame has columns : 31
[2026-01-29 14:30:47,056] 34 root - INFO - Required number of columns : 2
[2026-01-29 14:30:47,056] 35 root - INFO - DataFrame has columns : 31
[2026-01-29 14:30:47,169] 43 root - INFO - Entered initiate_data_transformation mehtod of dataTransformation class
[2026-01-29 14:30:47,169] 45 root - INFO - Starting data tranformation
[2026-01-29 14:30:47,186] 33 root - INFO - Entered get_data_transformer_object in DataTransformation class
[2026-01-29 14:30:47,186] 36 root - INFO - Initalize KNNImputer with {'missing_values': nan, 'n_neighbors': 3, 'weights': 'uniform'}
[2026-01-29 14:30:47,195] 43 root - INFO - Entered the Save Object method of Main Utils Class
[2026-01-29 14:30:47,197] 47 root - INFO - Exited the save_bject method of main Utils class
[2026-01-29 14:30:47,197] 43 root - INFO - Entered the Save Object method of Main Utils Class
[2026-01-29 14:30:47,199] 47 root - INFO - Exited the save_bject method of main Utils class
[2026-01-29 14:31:36,897] 43 root - INFO - Entered the Save Object method of Main Utils Class
[2026-01-29 14:31:36,909] 47 root - INFO - Exited the save_bject method of main Utils class
[2026-01-29 14:31:36,909] 43 root - INFO - Entered the Save Object method of Main Utils Class
[2026-01-29 14:31:36,920] 47 root - INFO - Exited the save_bject method of main Utils class
[2026-01-29 14:31:36,920] 83 root - INFO - Model trainer artifact : ModelTrainerArtifact(trained_model_file_path='Artifacts\\29_01_26_14_30_22\\model_trainer\\trained_model\\model.pkl', train_metric_artifact=ClassificationMetricArtifact(f1_score=0.9906731549067316, precision_score=0.989469420818145, recall_score=0.9918798213560698), test_metric_artifact=ClassificationMetricArtifact(f1_score=0.977705715443859, precision_score=0.9757281553398058, recall_score=0.9796913078797725))
